<?xml version="1.0" encoding="UTF-8"?>
<!-- Generated by org.testng.reporters.JUnitXMLReporter -->
<testsuite ignored="0" hostname="DESKTOP-8188MEG" failures="0" tests="3" name="Surefire test" time="0.069" errors="0" timestamp="2026-05-18T14:31:05 IST">
  <testcase classname="pgm1.ResultTest" name="testFail" time="0.015"/>
  <testcase classname="pgm1.ResultTest" name="testInvalid" time="0.001"/>
  <testcase classname="pgm1.ResultTest" name="testPass" time="0.001"/>
</testsuite> <!-- Surefire test -->
