<?xml version="1.0" encoding="UTF-8"?>
<testsuite xmlns:xsi="http://www.w3.org/2001/XMLSchema-instance" xsi:noNamespaceSchemaLocation="https://maven.apache.org/surefire/maven-surefire-plugin/xsd/surefire-test-report-3.0.xsd" version="3.0" name="pgm1.ResultTest" time="0.645" tests="3" errors="0" skipped="0" failures="0">
  <properties>
[...]
</properties>
  <testcase name="testFail" classname="pgm1.ResultTest" time="0.012"/>
  <testcase name="testInvalid" classname="pgm1.ResultTest" time="0.001"/>
  <testcase name="testPass" classname="pgm1.ResultTest" time="0.001"/>
</testsuite>