<?xml version="1.0" encoding="UTF-8"?>
<testng-results ignored="0" total="3" passed="3" failed="0" skipped="0">
  <reporter-output>
  </reporter-output>
  <suite started-at="2026-05-18T16:35:12 IST" name="Surefire suite" finished-at="2026-05-18T16:35:12 IST" duration-ms="71">
    <groups>
    </groups>
    <test started-at="2026-05-18T16:35:12 IST" name="Surefire test" finished-at="2026-05-18T16:35:12 IST" duration-ms="71">
      <class name="pgm1.ResultTest">
        <test-method signature="testFail()[pri:0, instance:pgm1.ResultTest@69b794e2]" started-at="2026-05-18T16:35:12 IST" name="testFail" finished-at="2026-05-18T16:35:12 IST" duration-ms="14" status="PASS">
          <reporter-output>
          </reporter-output>
        </test-method> <!-- testFail -->
        <test-method signature="testInvalid()[pri:0, instance:pgm1.ResultTest@69b794e2]" started-at="2026-05-18T16:35:12 IST" name="testInvalid" finished-at="2026-05-18T16:35:12 IST" duration-ms="1" status="PASS">
          <reporter-output>
          </reporter-output>
        </test-method> <!-- testInvalid -->
        <test-method signature="testPass()[pri:0, instance:pgm1.ResultTest@69b794e2]" started-at="2026-05-18T16:35:12 IST" name="testPass" finished-at="2026-05-18T16:35:12 IST" duration-ms="1" status="PASS">
          <reporter-output>
          </reporter-output>
        </test-method> <!-- testPass -->
      </class> <!-- pgm1.ResultTest -->
    </test> <!-- Surefire test -->
  </suite> <!-- Surefire suite -->
</testng-results>
