<?xml version="1.0" encoding="UTF-8"?>
<!-- Generated by org.testng.reporters.JUnitReportReporter -->
<testsuite hostname="DESKTOP-8188MEG" failures="0" tests="3" name="pgm1.ResultTest" time="0.017" errors="0" timestamp="2026-05-18T14:31:05 IST" skipped="0">
  <testcase classname="pgm1.ResultTest" name="testInvalid" time="0.001"/>
  <system-out/>
  <testcase classname="pgm1.ResultTest" name="testPass" time="0.001"/>
  <system-out/>
  <testcase classname="pgm1.ResultTest" name="testFail" time="0.015"/>
  <system-out/>
</testsuite> <!-- pgm1.ResultTest -->
